android/app/build/intermediates/manifest_merge_blame_file/release/processReleaseMainManifest/manifest-merger-blame-release-report.txt
1<?xml version="1.0" encoding="utf-8"?>
2<manifest xmlns:android="http://schemas.android.com/apk/res/android"
3    package="com.liuc.remotebell"
4    android:versionCode="1"
5    android:versionName="1.0" >
6
7    <uses-sdk
8        android:minSdkVersion="23"
9        android:targetSdkVersion="35" />
10
11    <uses-permission android:name="android.permission.INTERNET" />
11-->src\main\AndroidManifest.xml:4:5-67
11-->src\main\AndroidManifest.xml:4:22-64
12    <uses-permission android:name="android.permission.POST_NOTIFICATIONS" />
12-->src\main\AndroidManifest.xml:5:5-77
12-->src\main\AndroidManifest.xml:5:22-74
13    <uses-permission android:name="android.permission.FOREGROUND_SERVICE" />
13-->src\main\AndroidManifest.xml:6:5-77
13-->src\main\AndroidManifest.xml:6:22-74
14    <uses-permission android:name="android.permission.FOREGROUND_SERVICE_DATA_SYNC" />
14-->src\main\AndroidManifest.xml:7:5-87
14-->src\main\AndroidManifest.xml:7:22-84
15    <uses-permission android:name="android.permission.FOREGROUND_SERVICE_MEDIA_PLAYBACK" />
15-->src\main\AndroidManifest.xml:8:5-92
15-->src\main\AndroidManifest.xml:8:22-89
16    <uses-permission android:name="android.permission.USE_FULL_SCREEN_INTENT" />
16-->src\main\AndroidManifest.xml:9:5-81
16-->src\main\AndroidManifest.xml:9:22-78
17    <uses-permission android:name="android.permission.WAKE_LOCK" />
17-->src\main\AndroidManifest.xml:10:5-68
17-->src\main\AndroidManifest.xml:10:22-65
18    <uses-permission android:name="android.permission.VIBRATE" />
18-->src\main\AndroidManifest.xml:11:5-66
18-->src\main\AndroidManifest.xml:11:22-63
19
20    <application
20-->src\main\AndroidManifest.xml:13:5-43:19
21        android:allowBackup="false"
21-->src\main\AndroidManifest.xml:14:9-36
22        android:extractNativeLibs="false"
23        android:icon="@drawable/ic_launcher"
23-->src\main\AndroidManifest.xml:15:9-45
24        android:label="Remote Bell"
24-->src\main\AndroidManifest.xml:16:9-36
25        android:roundIcon="@drawable/ic_launcher"
25-->src\main\AndroidManifest.xml:17:9-50
26        android:supportsRtl="true"
26-->src\main\AndroidManifest.xml:18:9-35
27        android:theme="@style/AppTheme"
27-->src\main\AndroidManifest.xml:19:9-40
28        android:usesCleartextTraffic="false" >
28-->src\main\AndroidManifest.xml:20:9-45
29        <activity
29-->src\main\AndroidManifest.xml:22:9-28:43
30            android:name="com.liuc.remotebell.AlarmActivity"
30-->src\main\AndroidManifest.xml:23:13-42
31            android:excludeFromRecents="true"
31-->src\main\AndroidManifest.xml:24:13-46
32            android:exported="false"
32-->src\main\AndroidManifest.xml:25:13-37
33            android:launchMode="singleTop"
33-->src\main\AndroidManifest.xml:26:13-43
34            android:showWhenLocked="true"
34-->src\main\AndroidManifest.xml:27:13-42
35            android:turnScreenOn="true" />
35-->src\main\AndroidManifest.xml:28:13-40
36        <activity
36-->src\main\AndroidManifest.xml:30:9-37:20
37            android:name="com.liuc.remotebell.MainActivity"
37-->src\main\AndroidManifest.xml:31:13-41
38            android:exported="true" >
38-->src\main\AndroidManifest.xml:32:13-36
39            <intent-filter>
39-->src\main\AndroidManifest.xml:33:13-36:29
40                <action android:name="android.intent.action.MAIN" />
40-->src\main\AndroidManifest.xml:34:17-69
40-->src\main\AndroidManifest.xml:34:25-66
41
42                <category android:name="android.intent.category.LAUNCHER" />
42-->src\main\AndroidManifest.xml:35:17-77
42-->src\main\AndroidManifest.xml:35:27-74
43            </intent-filter>
44        </activity>
45
46        <service
46-->src\main\AndroidManifest.xml:39:9-42:70
47            android:name="com.liuc.remotebell.ListenerService"
47-->src\main\AndroidManifest.xml:40:13-44
48            android:exported="false"
48-->src\main\AndroidManifest.xml:41:13-37
49            android:foregroundServiceType="dataSync|mediaPlayback" />
49-->src\main\AndroidManifest.xml:42:13-67
50    </application>
51
52</manifest>